<?xml version="1.0" encoding="UTF-8"?>
<testng-results skipped="0" failed="0" ignored="0" total="2" passed="2">
  <reporter-output>
  </reporter-output>
  <suite name="Default suite" duration-ms="25480" started-at="2019-09-24T07:49:22Z" finished-at="2019-09-24T07:49:47Z">
    <groups>
    </groups>
    <test name="Default test" duration-ms="25480" started-at="2019-09-24T07:49:22Z" finished-at="2019-09-24T07:49:47Z">
      <class name="Steps">
        <test-method status="PASS" signature="intiate_browser()[pri:0, instance:Steps@4667ae56]" name="intiate_browser" is-config="true" duration-ms="3434" started-at="2019-09-24T07:49:22Z" finished-at="2019-09-24T07:49:25Z">
          <reporter-output>
          </reporter-output>
        </test-method> <!-- intiate_browser -->
        <test-method status="PASS" signature="set_excel()[pri:0, instance:Steps@4667ae56]" name="set_excel" is-config="true" duration-ms="945" started-at="2019-09-24T07:49:25Z" finished-at="2019-09-24T07:49:26Z">
          <reporter-output>
          </reporter-output>
        </test-method> <!-- set_excel -->
        <test-method status="PASS" signature="open_site()[pri:1, instance:Steps@4667ae56]" name="open_site" duration-ms="9526" started-at="2019-09-24T07:49:26Z" finished-at="2019-09-24T07:49:36Z">
          <reporter-output>
          </reporter-output>
        </test-method> <!-- open_site -->
        <test-method status="PASS" signature="login_user()[pri:2, instance:Steps@4667ae56]" name="login_user" duration-ms="11430" started-at="2019-09-24T07:49:36Z" finished-at="2019-09-24T07:49:47Z">
          <reporter-output>
          </reporter-output>
        </test-method> <!-- login_user -->
        <test-method status="PASS" signature="close_browser()[pri:0, instance:Steps@4667ae56]" name="close_browser" is-config="true" duration-ms="99" started-at="2019-09-24T07:49:47Z" finished-at="2019-09-24T07:49:47Z">
          <reporter-output>
          </reporter-output>
        </test-method> <!-- close_browser -->
      </class> <!-- Steps -->
    </test> <!-- Default test -->
  </suite> <!-- Default suite -->
</testng-results>
